gpasm-0.13.3 beta               ep0.asm     9-15-2006  11:04:57          PAGE  1


LOC  OBJECT CODE     LINE SOURCE TEXT
  VALUE
 
               00001 ;--------------------------------------------------------
               00002 ; File Created by SDCC : FreeWare ANSI-C Compiler
               00003 ; Version 2.6.0 #4309 (Aug 16 2006)
               00004 ; This file generated Fri Sep 15 11:04:57 2006
               00005 ;--------------------------------------------------------
               00006 ; PIC16 port for the Microchip 16-bit core micros
               00007 ;--------------------------------------------------------
               00008         list    p=18f4455
               00009 
               00010         radix dec
               00011 
               00012 ;--------------------------------------------------------
               00013 ; public variables in this module
               00014 ;--------------------------------------------------------
               00015         global _ep0_init
               00016         global _ep0_in
               00017         global _ep0_setup
               00018         global _SetupBuffer
               00019         global _InBuffer
               00020         global _ep0_usb_std_request
               00021 
               00022 ;--------------------------------------------------------
               00023 ; extern variables in this module
               00024 ;--------------------------------------------------------
               00025         extern __gptrget1
               00026         extern __gptrget3
               00027         extern __gptrget2
               00028         extern _ep_bdt
               00029         extern _usb_device_state
               00030         extern _usb_active_cfg
               00031         extern _usb_active_alt_setting
               00032         extern _device_descriptor
               00033         extern _configuration_descriptor
               00034         extern _string_descriptor
               00035         extern _ep_init
               00036         extern _ep_in
               00037         extern _ep_out
               00038         extern _ep_setup
               00039         extern _SPPDATAbits
               00040         extern _SPPCFGbits
               00041         extern _SPPEPSbits
               00042         extern _SPPCONbits
               00043         extern _UFRMLbits
               00044         extern _UFRMHbits
               00045         extern _UIRbits
               00046         extern _UIEbits
               00047         extern _UEIRbits
               00048         extern _UEIEbits
               00049         extern _USTATbits
               00050         extern _UCONbits
               00051         extern _UADDRbits
               00052         extern _UCFGbits
               00053         extern _UEP0bits
               00054         extern _UEP1bits
gpasm-0.13.3 beta               ep0.asm     9-15-2006  11:04:57          PAGE  2


LOC  OBJECT CODE     LINE SOURCE TEXT
  VALUE
 
               00055         extern _UEP2bits
               00056         extern _UEP3bits
               00057         extern _UEP4bits
               00058         extern _UEP5bits
               00059         extern _UEP6bits
               00060         extern _UEP7bits
               00061         extern _UEP8bits
               00062         extern _UEP9bits
               00063         extern _UEP10bits
               00064         extern _UEP11bits
               00065         extern _UEP12bits
               00066         extern _UEP13bits
               00067         extern _UEP14bits
               00068         extern _UEP15bits
               00069         extern _PORTAbits
               00070         extern _PORTBbits
               00071         extern _PORTCbits
               00072         extern _PORTDbits
               00073         extern _PORTEbits
               00074         extern _LATAbits
               00075         extern _LATBbits
               00076         extern _LATCbits
               00077         extern _LATDbits
               00078         extern _LATEbits
               00079         extern _TRISAbits
               00080         extern _TRISBbits
               00081         extern _TRISCbits
               00082         extern _TRISDbits
               00083         extern _TRISEbits
               00084         extern _OSCTUNEbits
               00085         extern _PIE1bits
               00086         extern _PIR1bits
               00087         extern _IPR1bits
               00088         extern _PIE2bits
               00089         extern _PIR2bits
               00090         extern _IPR2bits
               00091         extern _EECON1bits
               00092         extern _RCSTAbits
               00093         extern _TXSTAbits
               00094         extern _T3CONbits
               00095         extern _CMCONbits
               00096         extern _CVRCONbits
               00097         extern _ECCP1ASbits
               00098         extern _ECCP1DELbits
               00099         extern _BAUDCONbits
               00100         extern _CCP2CONbits
               00101         extern _ECCP1CONbits
               00102         extern _ADCON2bits
               00103         extern _ADCON1bits
               00104         extern _ADCON0bits
               00105         extern _SSPCON2bits
               00106         extern _SSPCON1bits
               00107         extern _SSPSTATbits
               00108         extern _T2CONbits
gpasm-0.13.3 beta               ep0.asm     9-15-2006  11:04:57          PAGE  3


LOC  OBJECT CODE     LINE SOURCE TEXT
  VALUE
 
               00109         extern _T1CONbits
               00110         extern _RCONbits
               00111         extern _WDTCONbits
               00112         extern _HLVDCONbits
               00113         extern _OSCCONbits
               00114         extern _T0CONbits
               00115         extern _STATUSbits
               00116         extern _FSR2Hbits
               00117         extern _BSRbits
               00118         extern _FSR1Hbits
               00119         extern _FSR0Hbits
               00120         extern _INTCON3bits
               00121         extern _INTCON2bits
               00122         extern _INTCONbits
               00123         extern _TBLPTRUbits
               00124         extern _PCLATHbits
               00125         extern _PCLATUbits
               00126         extern _STKPTRbits
               00127         extern _TOSUbits
               00128         extern _SPPDATA
               00129         extern _SPPCFG
               00130         extern _SPPEPS
               00131         extern _SPPCON
               00132         extern _UFRML
               00133         extern _UFRMH
               00134         extern _UIR
               00135         extern _UIE
               00136         extern _UEIR
               00137         extern _UEIE
               00138         extern _USTAT
               00139         extern _UCON
               00140         extern _UADDR
               00141         extern _UCFG
               00142         extern _UEP0
               00143         extern _UEP1
               00144         extern _UEP2
               00145         extern _UEP3
               00146         extern _UEP4
               00147         extern _UEP5
               00148         extern _UEP6
               00149         extern _UEP7
               00150         extern _UEP8
               00151         extern _UEP9
               00152         extern _UEP10
               00153         extern _UEP11
               00154         extern _UEP12
               00155         extern _UEP13
               00156         extern _UEP14
               00157         extern _UEP15
               00158         extern _PORTA
               00159         extern _PORTB
               00160         extern _PORTC
               00161         extern _PORTD
               00162         extern _PORTE
gpasm-0.13.3 beta               ep0.asm     9-15-2006  11:04:57          PAGE  4


LOC  OBJECT CODE     LINE SOURCE TEXT
  VALUE
 
               00163         extern _LATA
               00164         extern _LATB
               00165         extern _LATC
               00166         extern _LATD
               00167         extern _LATE
               00168         extern _TRISA
               00169         extern _TRISB
               00170         extern _TRISC
               00171         extern _TRISD
               00172         extern _TRISE
               00173         extern _OSCTUNE
               00174         extern _PIE1
               00175         extern _PIR1
               00176         extern _IPR1
               00177         extern _PIE2
               00178         extern _PIR2
               00179         extern _IPR2
               00180         extern _EECON1
               00181         extern _EECON2
               00182         extern _EEDATA
               00183         extern _EEADR
               00184         extern _RCSTA
               00185         extern _TXSTA
               00186         extern _TXREG
               00187         extern _RCREG
               00188         extern _SPBRG
               00189         extern _SPBRGH
               00190         extern _T3CON
               00191         extern _TMR3L
               00192         extern _TMR3H
               00193         extern _CMCON
               00194         extern _CVRCON
               00195         extern _ECCP1AS
               00196         extern _ECCP1DEL
               00197         extern _BAUDCON
               00198         extern _CCP2CON
               00199         extern _CCPR2L
               00200         extern _CCPR2H
               00201         extern _ECCP1CON
               00202         extern _CCPR1L
               00203         extern _CCPR1H
               00204         extern _ADCON2
               00205         extern _ADCON1
               00206         extern _ADCON0
               00207         extern _ADRESL
               00208         extern _ADRESH
               00209         extern _SSPCON2
               00210         extern _SSPCON1
               00211         extern _SSPSTAT
               00212         extern _SSPADD
               00213         extern _SSPBUF
               00214         extern _T2CON
               00215         extern _PR2
               00216         extern _TMR2
gpasm-0.13.3 beta               ep0.asm     9-15-2006  11:04:57          PAGE  5


LOC  OBJECT CODE     LINE SOURCE TEXT
  VALUE
 
               00217         extern _T1CON
               00218         extern _TMR1L
               00219         extern _TMR1H
               00220         extern _RCON
               00221         extern _WDTCON
               00222         extern _HLVDCON
               00223         extern _OSCCON
               00224         extern _T0CON
               00225         extern _TMR0L
               00226         extern _TMR0H
               00227         extern _STATUS
               00228         extern _FSR2L
               00229         extern _FSR2H
               00230         extern _PLUSW2
               00231         extern _PREINC2
               00232         extern _POSTDEC2
               00233         extern _POSTINC2
               00234         extern _INDF2
               00235         extern _BSR
               00236         extern _FSR1L
               00237         extern _FSR1H
               00238         extern _PLUSW1
               00239         extern _PREINC1
               00240         extern _POSTDEC1
               00241         extern _POSTINC1
               00242         extern _INDF1
               00243         extern _WREG
               00244         extern _FSR0L
               00245         extern _FSR0H
               00246         extern _PLUSW0
               00247         extern _PREINC0
               00248         extern _POSTDEC0
               00249         extern _POSTINC0
               00250         extern _INDF0
               00251         extern _INTCON3
               00252         extern _INTCON2
               00253         extern _INTCON
               00254         extern _PRODL
               00255         extern _PRODH
               00256         extern _TABLAT
               00257         extern _TBLPTRL
               00258         extern _TBLPTRH
               00259         extern _TBLPTRU
               00260         extern _PCL
               00261         extern _PCLATH
               00262         extern _PCLATU
               00263         extern _STKPTR
               00264         extern _TOSL
               00265         extern _TOSH
               00266         extern _TOSU
               00267         extern _fill_in_buffer
               00268         extern _boot_device_descriptor
               00269         extern _boot_configuration_descriptor
               00270         extern _boot_string_descriptor
gpasm-0.13.3 beta               ep0.asm     9-15-2006  11:04:57          PAGE  6


LOC  OBJECT CODE     LINE SOURCE TEXT
  VALUE
 
               00271         extern _str0
               00272         extern _str1
               00273         extern _str2
               00274         extern _str3
               00275         extern _boot_ep_init
               00276         extern _boot_ep_in
               00277         extern _boot_ep_out
               00278         extern _boot_ep_setup
               00279 ;--------------------------------------------------------
               00280 ;       Equates to used internal registers
               00281 ;--------------------------------------------------------
  00000FD8     00282 STATUS  equ     0xfd8
  00000FF9     00283 PCL     equ     0xff9
  00000FFA     00284 PCLATH  equ     0xffa
  00000FFB     00285 PCLATU  equ     0xffb
  00000FF2     00286 INTCON  equ     0xff2
  00000FE8     00287 WREG    equ     0xfe8
  00000FFD     00288 TOSL    equ     0xffd
  00000FFE     00289 TOSH    equ     0xffe
  00000FFF     00290 TOSU    equ     0xfff
  00000FE9     00291 FSR0L   equ     0xfe9
  00000FE1     00292 FSR1L   equ     0xfe1
  00000FD9     00293 FSR2L   equ     0xfd9
  00000FEF     00294 INDF0   equ     0xfef
  00000FEE     00295 POSTINC0        equ     0xfee
  00000FE5     00296 POSTDEC1        equ     0xfe5
  00000FE4     00297 PREINC1 equ     0xfe4
  00000FF3     00298 PRODL   equ     0xff3
  00000FF4     00299 PRODH   equ     0xff4
               00300 
               00301 
               00302 ; Internal registers
               00303 .registers      udata_ovr       0x0000
               00304 r0x00   res     1
               00305 r0x01   res     1
               00306 r0x02   res     1
               00307 r0x03   res     1
               00308 r0x04   res     1
               00309 r0x05   res     1
               00310 r0x06   res     1
               00311 r0x07   res     1
               00312 r0x08   res     1
               00313 
               00314 udata_ep0_0     udata
               00315 _ep0_state      res     1
               00316 
               00317 udata_ep0_1     udata
               00318 _num_bytes_to_be_send   res     2
               00319 
               00320 udata_ep0_2     udata
               00321 _sourceData     res     3
               00322 
               00323 udata_ep0_3     udata
               00324 _ep0_usb_std_request_unknown_request_1_1        res     1
gpasm-0.13.3 beta               ep0.asm     9-15-2006  11:04:57          PAGE  7


LOC  OBJECT CODE     LINE SOURCE TEXT
  VALUE
 
               00325 
               00326 
               00327 ustat_ep0_00    udata   0X0500
               00328 _SetupBuffer    res     8
               00329 _InBuffer       res     8
               00330 
               00331 ;--------------------------------------------------------
               00332 ; global & static initialisations
               00333 ;--------------------------------------------------------
               00334 ; I code from now on!
               00335 ; ; Starting pCode block
               00336 S_ep0__ep0_setup        code
0000           00337 _ep0_setup:
               00338 ;       .line   212; ep0.c      void ep0_setup(void)
0000 CFD9 FFE5 00339         MOVFF   FSR2L, POSTDEC1
0004 CFE1 FFD9 00340         MOVFF   FSR1L, FSR2L
0008 C000 FFE5 00341         MOVFF   r0x00, POSTDEC1
000C C000 FFE5 00342         MOVFF   r0x01, POSTDEC1
0010 C000 FFE5 00343         MOVFF   r0x02, POSTDEC1
0014 C000 FFE5 00344         MOVFF   r0x03, POSTDEC1
0018 C000 FFE5 00345         MOVFF   r0x04, POSTDEC1
001C C000 FFE5 00346         MOVFF   r0x05, POSTDEC1
0020 0000      00347         BANKSEL _ep0_state
               00348 ;       .line   216; ep0.c      ep0_state = WAIT_SETUP;
0022 6B00      00349         CLRF    _ep0_state, B
0024 0000      00350         BANKSEL _num_bytes_to_be_send
               00351 ;       .line   217; ep0.c      num_bytes_to_be_send = 0;
0026 6B00      00352         CLRF    _num_bytes_to_be_send, B
0028 0000      00353         BANKSEL (_num_bytes_to_be_send + 1)
002A 6B00      00354         CLRF    (_num_bytes_to_be_send + 1), B
               00355 ;       .line   219; ep0.c      if(ep0_usb_std_request())
002C EC00 F000 00356         CALL    _ep0_usb_std_request
0030 6E00      00357         MOVWF   r0x00
0032 5000      00358         MOVF    r0x00, W
0034 B4D8      00359         BTFSC   STATUS, 2
0036 EF00 F000 00360         GOTO    _00216_DS_
               00361 ;       .line   221; ep0.c      UCONbits.PKTDIS = 0;
003A 9800      00362         BCF     _UCONbits, 4
               00363 ;       .line   222; ep0.c      if(SetupBuffer.data_transfer_direction == DEVICE_TO_HOST)
003C 6A00      00364         CLRF    r0x00
003E 0000      00365         BANKSEL _SetupBuffer
0040 BF00      00366         BTFSC   _SetupBuffer, 7, B
0042 2A00      00367         INCF    r0x00, F
0044 5000      00368         MOVF    r0x00, W
0046 0A01      00369         XORLW   0x01
0048 E100      00370         BNZ     _00223_DS_
004A EF00 F000 00371         GOTO    _00224_DS_
004E           00372 _00223_DS_:
004E EF00 F000 00373         GOTO    _00213_DS_
0052           00374 _00224_DS_:
               00375 ;       .line   224; ep0.c      ep0_state = WAIT_IN;
0052 0E01      00376         MOVLW   0x01
0054 0000      00377         BANKSEL _ep0_state
0056 6F00      00378         MOVWF   _ep0_state, B
gpasm-0.13.3 beta               ep0.asm     9-15-2006  11:04:57          PAGE  8


LOC  OBJECT CODE     LINE SOURCE TEXT
  VALUE
 
               00379 ;       .line   226; ep0.c      EP_OUT_BD(0).Cnt = EP0_BUFFER_SIZE;
0058 0E08      00380         MOVLW   0x08
005A 0000      00381         BANKSEL (_ep_bdt + 1)
005C 6F00      00382         MOVWF   (_ep_bdt + 1), B
005E 0000      00383         BANKSEL (_ep_bdt + 2)
               00384 ;       .line   227; ep0.c      EP_OUT_BD(0).ADR = (uchar __data *)&SetupBuffer;            
0060 6B00      00385         CLRF    (_ep_bdt + 2), B
0062 0E05      00386         MOVLW   0x05
0064 0000      00387         BANKSEL (_ep_bdt + 3)
0066 6F00      00388         MOVWF   (_ep_bdt + 3), B
               00389 ;       .line   228; ep0.c      EP_OUT_BD(0).Stat.uc = BDS_USIE;
0068 0E80      00390         MOVLW   0x80
006A 0000      00391         BANKSEL _ep_bdt
006C 6F00      00392         MOVWF   _ep_bdt, B
               00393 ;       .line   230; ep0.c      EP_IN_BD(0).ADR = (uchar __data *)InBuffer;
006E 0E00      00394         MOVLW   LOW(_InBuffer)
0070 6E00      00395         MOVWF   r0x00
0072 0E00      00396         MOVLW   HIGH(_InBuffer)
0074 6E00      00397         MOVWF   r0x01
0076 5000      00398         MOVF    r0x00, W
0078 0000      00399         BANKSEL (_ep_bdt + 6)
007A 6F00      00400         MOVWF   (_ep_bdt + 6), B
007C 5000      00401         MOVF    r0x01, W
007E 0000      00402         BANKSEL (_ep_bdt + 7)
0080 6F00      00403         MOVWF   (_ep_bdt + 7), B
               00404 ;       .line   231; ep0.c      if(SetupBuffer.wLength < num_bytes_to_be_send)
0082 EE00 F000 00405         LFSR    0x00, (_SetupBuffer + 6)
0086 CFEE F000 00406         MOVFF   POSTINC0, r0x00
008A CFEF F000 00407         MOVFF   INDF0, r0x01
008E 0000      00408         BANKSEL (_num_bytes_to_be_send + 1)
0090 5100      00409         MOVF    (_num_bytes_to_be_send + 1), W, B
0092 5C00      00410         SUBWF   r0x01, W
0094 E100      00411         BNZ     _00225_DS_
0096 0000      00412         BANKSEL _num_bytes_to_be_send
0098 5100      00413         MOVF    _num_bytes_to_be_send, W, B
009A 5C00      00414         SUBWF   r0x00, W
009C           00415 _00225_DS_:
009C B0D8      00416         BTFSC   STATUS, 0
009E EF00 F000 00417         GOTO    _00211_DS_
               00418 ;       .line   233; ep0.c      num_bytes_to_be_send = SetupBuffer.wLength;
00A2 EE00 F000 00419         LFSR    0x00, (_SetupBuffer + 6)
00A6 CFEE F000 00420         MOVFF   POSTINC0, _num_bytes_to_be_send
00AA CFEF F000 00421         MOVFF   INDF0, (_num_bytes_to_be_send + 1)
00AE           00422 _00211_DS_:
               00423 ;       .line   235; ep0.c      fill_in_buffer(0, &sourceData, EP0_BUFFER_SIZE, &num_bytes_to_be_send);
00AE 0E00      00424         MOVLW   HIGH(_sourceData)
00B0 6E00      00425         MOVWF   r0x01
00B2 0E00      00426         MOVLW   LOW(_sourceData)
00B4 6E00      00427         MOVWF   r0x00
00B6 0E80      00428         MOVLW   0x80
00B8 6E00      00429         MOVWF   r0x02
00BA 0E00      00430         MOVLW   HIGH(_num_bytes_to_be_send)
00BC 6E00      00431         MOVWF   r0x04
00BE 0E00      00432         MOVLW   LOW(_num_bytes_to_be_send)
gpasm-0.13.3 beta               ep0.asm     9-15-2006  11:04:57          PAGE  9


LOC  OBJECT CODE     LINE SOURCE TEXT
  VALUE
 
00C0 6E00      00433         MOVWF   r0x03
00C2 0E80      00434         MOVLW   0x80
00C4 6E00      00435         MOVWF   r0x05
00C6 5000      00436         MOVF    r0x05, W
00C8 6EE5      00437         MOVWF   POSTDEC1
00CA 5000      00438         MOVF    r0x04, W
00CC 6EE5      00439         MOVWF   POSTDEC1
00CE 5000      00440         MOVF    r0x03, W
00D0 6EE5      00441         MOVWF   POSTDEC1
00D2 0E00      00442         MOVLW   0x00
00D4 6EE5      00443         MOVWF   POSTDEC1
00D6 0E08      00444         MOVLW   0x08
00D8 6EE5      00445         MOVWF   POSTDEC1
00DA 5000      00446         MOVF    r0x02, W
00DC 6EE5      00447         MOVWF   POSTDEC1
00DE 5000      00448         MOVF    r0x01, W
00E0 6EE5      00449         MOVWF   POSTDEC1
00E2 5000      00450         MOVF    r0x00, W
00E4 6EE5      00451         MOVWF   POSTDEC1
00E6 0E00      00452         MOVLW   0x00
00E8 6EE5      00453         MOVWF   POSTDEC1
00EA EC00 F000 00454         CALL    _fill_in_buffer
00EE 0E09      00455         MOVLW   0x09
00F0 26E1      00456         ADDWF   FSR1L, F
               00457 ;       .line   236; ep0.c      EP_IN_BD(0).Stat.uc = BDS_USIE | BDS_DAT1 | BDS_DTSEN;
00F2 0EC8      00458         MOVLW   0xc8
00F4 0000      00459         BANKSEL (_ep_bdt + 4)
00F6 6F00      00460         MOVWF   (_ep_bdt + 4), B
00F8 EF00 F000 00461         GOTO    _00218_DS_
00FC           00462 _00213_DS_:
               00463 ;       .line   241; ep0.c      ep0_state = WAIT_OUT;
00FC 0E02      00464         MOVLW   0x02
00FE 0000      00465         BANKSEL _ep0_state
0100 6F00      00466         MOVWF   _ep0_state, B
               00467 ;       .line   243; ep0.c      EP_OUT_BD(0).Cnt = EP0_BUFFER_SIZE;
0102 0E08      00468         MOVLW   0x08
0104 0000      00469         BANKSEL (_ep_bdt + 1)
0106 6F00      00470         MOVWF   (_ep_bdt + 1), B
               00471 ;       .line   244; ep0.c      EP_OUT_BD(0).ADR = (uchar __data *)InBuffer;
0108 0E00      00472         MOVLW   LOW(_InBuffer)
010A 6E00      00473         MOVWF   r0x00
010C 0E00      00474         MOVLW   HIGH(_InBuffer)
010E 6E00      00475         MOVWF   r0x01
0110 5000      00476         MOVF    r0x00, W
0112 0000      00477         BANKSEL (_ep_bdt + 2)
0114 6F00      00478         MOVWF   (_ep_bdt + 2), B
0116 5000      00479         MOVF    r0x01, W
0118 0000      00480         BANKSEL (_ep_bdt + 3)
011A 6F00      00481         MOVWF   (_ep_bdt + 3), B
               00482 ;       .line   245; ep0.c      EP_OUT_BD(0).Stat.uc = BDS_USIE | BDS_DAT1 | BDS_DTSEN;
011C 0EC8      00483         MOVLW   0xc8
011E 0000      00484         BANKSEL _ep_bdt
0120 6F00      00485         MOVWF   _ep_bdt, B
0122 0000      00486         BANKSEL (_ep_bdt + 5)
gpasm-0.13.3 beta               ep0.asm     9-15-2006  11:04:57          PAGE 10


LOC  OBJECT CODE     LINE SOURCE TEXT
  VALUE
 
               00487 ;       .line   247; ep0.c      EP_IN_BD(0).Cnt = 0;
0124 6B00      00488         CLRF    (_ep_bdt + 5), B
               00489 ;       .line   248; ep0.c      EP_IN_BD(0).Stat.uc = BDS_USIE | BDS_DAT1 | BDS_DTSEN;
0126 0EC8      00490         MOVLW   0xc8
0128 0000      00491         BANKSEL (_ep_bdt + 4)
012A 6F00      00492         MOVWF   (_ep_bdt + 4), B
012C EF00 F000 00493         GOTO    _00218_DS_
0130           00494 _00216_DS_:
               00495 ;       .line   254; ep0.c      UCONbits.PKTDIS = 0;
0130 9800      00496         BCF     _UCONbits, 4
               00497 ;       .line   255; ep0.c      EP_OUT_BD(0).Cnt = EP0_BUFFER_SIZE;
0132 0E08      00498         MOVLW   0x08
0134 0000      00499         BANKSEL (_ep_bdt + 1)
0136 6F00      00500         MOVWF   (_ep_bdt + 1), B
0138 0000      00501         BANKSEL (_ep_bdt + 2)
               00502 ;       .line   256; ep0.c      EP_OUT_BD(0).ADR = (uchar __data *)&SetupBuffer;
013A 6B00      00503         CLRF    (_ep_bdt + 2), B
013C 0E05      00504         MOVLW   0x05
013E 0000      00505         BANKSEL (_ep_bdt + 3)
0140 6F00      00506         MOVWF   (_ep_bdt + 3), B
               00507 ;       .line   257; ep0.c      EP_OUT_BD(0).Stat.uc = BDS_USIE | BDS_BSTALL;
0142 0E84      00508         MOVLW   0x84
0144 0000      00509         BANKSEL _ep_bdt
0146 6F00      00510         MOVWF   _ep_bdt, B
               00511 ;       .line   259; ep0.c      EP_IN_BD(0).Stat.uc  = BDS_USIE | BDS_BSTALL;
0148 0E84      00512         MOVLW   0x84
014A 0000      00513         BANKSEL (_ep_bdt + 4)
014C 6F00      00514         MOVWF   (_ep_bdt + 4), B
014E           00515 _00218_DS_:
014E CFE4 F000 00516         MOVFF   PREINC1, r0x05
0152 CFE4 F000 00517         MOVFF   PREINC1, r0x04
0156 CFE4 F000 00518         MOVFF   PREINC1, r0x03
015A CFE4 F000 00519         MOVFF   PREINC1, r0x02
015E CFE4 F000 00520         MOVFF   PREINC1, r0x01
0162 CFE4 F000 00521         MOVFF   PREINC1, r0x00
0166 CFE4 FFD9 00522         MOVFF   PREINC1, FSR2L
016A 0012      00523         RETURN  
               00524 
               00525 ; ; Starting pCode block
               00526 S_ep0__ep0_in   code
0000           00527 _ep0_in:
               00528 ;       .line   176; ep0.c      void ep0_in(void)
0000 CFD9 FFE5 00529         MOVFF   FSR2L, POSTDEC1
0004 CFE1 FFD9 00530         MOVFF   FSR1L, FSR2L
0008 C000 FFE5 00531         MOVFF   r0x00, POSTDEC1
000C C000 FFE5 00532         MOVFF   r0x01, POSTDEC1
0010 C000 FFE5 00533         MOVFF   r0x02, POSTDEC1
0014 C000 FFE5 00534         MOVFF   r0x03, POSTDEC1
0018 C000 FFE5 00535         MOVFF   r0x04, POSTDEC1
001C C000 FFE5 00536         MOVFF   r0x05, POSTDEC1
0020 0000      00537         BANKSEL _usb_device_state
               00538 ;       .line   179; ep0.c      if(GET_DEVICE_STATE() == ADDRESS_PENDING_STATE)
0022 5100      00539         MOVF    _usb_device_state, W, B
0024 0A04      00540         XORLW   0x04
gpasm-0.13.3 beta               ep0.asm     9-15-2006  11:04:57          PAGE 11


LOC  OBJECT CODE     LINE SOURCE TEXT
  VALUE
 
0026 E100      00541         BNZ     _00200_DS_
0028 EF00 F000 00542         GOTO    _00201_DS_
002C           00543 _00200_DS_:
002C EF00 F000 00544         GOTO    _00187_DS_
0030           00545 _00201_DS_:
               00546 ;       .line   181; ep0.c      UADDR = SetupBuffer.bAddress;
0030 EE00 F000 00547         LFSR    0x00, (_SetupBuffer + 2)
0034 CFEF F000 00548         MOVFF   INDF0, _UADDR
               00549 ;       .line   182; ep0.c      if(UADDR != 0)
0038 5000      00550         MOVF    _UADDR, W
003A E100      00551         BNZ     _00203_DS_
003C EF00 F000 00552         GOTO    _00184_DS_
0040           00553 _00203_DS_:
               00554 ;       .line   184; ep0.c      SET_DEVICE_STATE(ADDRESS_STATE);
0040 0E05      00555         MOVLW   0x05
0042 0000      00556         BANKSEL _usb_device_state
0044 6F00      00557         MOVWF   _usb_device_state, B
0046 EF00 F000 00558         GOTO    _00187_DS_
004A           00559 _00184_DS_:
               00560 ;       .line   188; ep0.c      SET_DEVICE_STATE(DEFAULT_STATE);
004A 0E03      00561         MOVLW   0x03
004C 0000      00562         BANKSEL _usb_device_state
004E 6F00      00563         MOVWF   _usb_device_state, B
0050           00564 _00187_DS_:
0050 0000      00565         BANKSEL _ep0_state
               00566 ;       .line   192; ep0.c      if(ep0_state == WAIT_IN)
0052 5100      00567         MOVF    _ep0_state, W, B
0054 0A01      00568         XORLW   0x01
0056 E100      00569         BNZ     _00204_DS_
0058 EF00 F000 00570         GOTO    _00205_DS_
005C           00571 _00204_DS_:
005C EF00 F000 00572         GOTO    _00192_DS_
0060           00573 _00205_DS_:
               00574 ;       .line   194; ep0.c      fill_in_buffer(0, &sourceData, EP0_BUFFER_SIZE, &num_bytes_to_be_send);
0060 0E00      00575         MOVLW   HIGH(_sourceData)
0062 6E00      00576         MOVWF   r0x01
0064 0E00      00577         MOVLW   LOW(_sourceData)
0066 6E00      00578         MOVWF   r0x00
0068 0E80      00579         MOVLW   0x80
006A 6E00      00580         MOVWF   r0x02
006C 0E00      00581         MOVLW   HIGH(_num_bytes_to_be_send)
006E 6E00      00582         MOVWF   r0x04
0070 0E00      00583         MOVLW   LOW(_num_bytes_to_be_send)
0072 6E00      00584         MOVWF   r0x03
0074 0E80      00585         MOVLW   0x80
0076 6E00      00586         MOVWF   r0x05
0078 5000      00587         MOVF    r0x05, W
007A 6EE5      00588         MOVWF   POSTDEC1
007C 5000      00589         MOVF    r0x04, W
007E 6EE5      00590         MOVWF   POSTDEC1
0080 5000      00591         MOVF    r0x03, W
0082 6EE5      00592         MOVWF   POSTDEC1
0084 0E00      00593         MOVLW   0x00
0086 6EE5      00594         MOVWF   POSTDEC1
gpasm-0.13.3 beta               ep0.asm     9-15-2006  11:04:57          PAGE 12


LOC  OBJECT CODE     LINE SOURCE TEXT
  VALUE
 
0088 0E08      00595         MOVLW   0x08
008A 6EE5      00596         MOVWF   POSTDEC1
008C 5000      00597         MOVF    r0x02, W
008E 6EE5      00598         MOVWF   POSTDEC1
0090 5000      00599         MOVF    r0x01, W
0092 6EE5      00600         MOVWF   POSTDEC1
0094 5000      00601         MOVF    r0x00, W
0096 6EE5      00602         MOVWF   POSTDEC1
0098 0E00      00603         MOVLW   0x00
009A 6EE5      00604         MOVWF   POSTDEC1
009C EC00 F000 00605         CALL    _fill_in_buffer
00A0 0E09      00606         MOVLW   0x09
00A2 26E1      00607         ADDWF   FSR1L, F
00A4 0000      00608         BANKSEL (_ep_bdt + 4)
               00609 ;       .line   196; ep0.c      if(EP_IN_BD(0).Stat.DTS == 0)
00A6 BD00      00610         BTFSC   (_ep_bdt + 4), 6, B
00A8 EF00 F000 00611         GOTO    _00189_DS_
               00612 ;       .line   198; ep0.c      EP_IN_BD(0).Stat.uc = BDS_USIE | BDS_DAT1 | BDS_DTSEN;
00AC 0EC8      00613         MOVLW   0xc8
00AE 0000      00614         BANKSEL (_ep_bdt + 4)
00B0 6F00      00615         MOVWF   (_ep_bdt + 4), B
00B2 EF00 F000 00616         GOTO    _00194_DS_
00B6           00617 _00189_DS_:
               00618 ;       .line   202; ep0.c      EP_IN_BD(0).Stat.uc = BDS_USIE | BDS_DAT0 | BDS_DTSEN;
00B6 0E88      00619         MOVLW   0x88
00B8 0000      00620         BANKSEL (_ep_bdt + 4)
00BA 6F00      00621         MOVWF   (_ep_bdt + 4), B
00BC EF00 F000 00622         GOTO    _00194_DS_
00C0           00623 _00192_DS_:
               00624 ;       .line   207; ep0.c      ep0_init();
00C0 EC00 F000 00625         CALL    _ep0_init
00C4           00626 _00194_DS_:
00C4 CFE4 F000 00627         MOVFF   PREINC1, r0x05
00C8 CFE4 F000 00628         MOVFF   PREINC1, r0x04
00CC CFE4 F000 00629         MOVFF   PREINC1, r0x03
00D0 CFE4 F000 00630         MOVFF   PREINC1, r0x02
00D4 CFE4 F000 00631         MOVFF   PREINC1, r0x01
00D8 CFE4 F000 00632         MOVFF   PREINC1, r0x00
00DC CFE4 FFD9 00633         MOVFF   PREINC1, FSR2L
00E0 0012      00634         RETURN  
               00635 
               00636 ; ; Starting pCode block
               00637 S_ep0__ep0_init code
0000           00638 _ep0_init:
               00639 ;       .line   166; ep0.c      void ep0_init(void)
0000 CFD9 FFE5 00640         MOVFF   FSR2L, POSTDEC1
0004 CFE1 FFD9 00641         MOVFF   FSR1L, FSR2L
0008 0000      00642         BANKSEL _ep0_state
               00643 ;       .line   168; ep0.c      ep0_state = WAIT_SETUP;
000A 6B00      00644         CLRF    _ep0_state, B
               00645 ;       .line   169; ep0.c      EP_OUT_BD(0).Cnt = EP0_BUFFER_SIZE;
000C 0E08      00646         MOVLW   0x08
000E 0000      00647         BANKSEL (_ep_bdt + 1)
0010 6F00      00648         MOVWF   (_ep_bdt + 1), B
gpasm-0.13.3 beta               ep0.asm     9-15-2006  11:04:57          PAGE 13


LOC  OBJECT CODE     LINE SOURCE TEXT
  VALUE
 
0012 0000      00649         BANKSEL (_ep_bdt + 2)
               00650 ;       .line   170; ep0.c      EP_OUT_BD(0).ADR = (uchar __data *)&SetupBuffer;
0014 6B00      00651         CLRF    (_ep_bdt + 2), B
0016 0E05      00652         MOVLW   0x05
0018 0000      00653         BANKSEL (_ep_bdt + 3)
001A 6F00      00654         MOVWF   (_ep_bdt + 3), B
               00655 ;       .line   171; ep0.c      EP_OUT_BD(0).Stat.uc = BDS_USIE | BDS_DAT0 | BDS_DTSEN;
001C 0E88      00656         MOVLW   0x88
001E 0000      00657         BANKSEL _ep_bdt
0020 6F00      00658         MOVWF   _ep_bdt, B
0022 0000      00659         BANKSEL (_ep_bdt + 4)
               00660 ;       .line   172; ep0.c      EP_IN_BD(0).Stat.uc = BDS_UCPU;
0024 6B00      00661         CLRF    (_ep_bdt + 4), B
               00662 ;       .line   173; ep0.c      UEP0 = EPINEN_EN | EPOUTEN_EN | EPHSHK_EN;
0026 0E16      00663         MOVLW   0x16
0028 6E00      00664         MOVWF   _UEP0
002A CFE4 FFD9 00665         MOVFF   PREINC1, FSR2L
002E 0012      00666         RETURN  
               00667 
               00668 ; ; Starting pCode block
               00669 S_ep0__ep0_usb_std_request      code
0000           00670 _ep0_usb_std_request:
               00671 ;       .line   45; ep0.c       uchar ep0_usb_std_request(void)
0000 CFD9 FFE5 00672         MOVFF   FSR2L, POSTDEC1
0004 CFE1 FFD9 00673         MOVFF   FSR1L, FSR2L
0008 C000 FFE5 00674         MOVFF   r0x00, POSTDEC1
000C C000 FFE5 00675         MOVFF   r0x01, POSTDEC1
0010 C000 FFE5 00676         MOVFF   r0x02, POSTDEC1
0014 C000 FFE5 00677         MOVFF   r0x03, POSTDEC1
0018 C000 FFE5 00678         MOVFF   r0x04, POSTDEC1
001C C000 FFE5 00679         MOVFF   r0x05, POSTDEC1
0020 C000 FFE5 00680         MOVFF   r0x06, POSTDEC1
0024 0000      00681         BANKSEL _ep0_usb_std_request_unknown_request_1_1
               00682 ;       .line   50; ep0.c       unknown_request = FALSE;
0026 6B00      00683         CLRF    _ep0_usb_std_request_unknown_request_1_1, B
0028 0000      00684         BANKSEL _SetupBuffer
               00685 ;       .line   52; ep0.c       if(SetupBuffer.request_type != STANDARD) 
002A 5100      00686         MOVF    _SetupBuffer, W, B
002C 38E8      00687         SWAPF   WREG, W
002E 40E8      00688         RRNCF   WREG, W
0030 0B03      00689         ANDLW   0x03
0032 6E00      00690         MOVWF   r0x00
0034 5000      00691         MOVF    r0x00, W
0036 E100      00692         BNZ     _00151_DS_
0038 EF00 F000 00693         GOTO    _00106_DS_
003C           00694 _00151_DS_:
               00695 ;       .line   54; ep0.c       return FALSE;
003C 6AE8      00696         CLRF    WREG
003E EF00 F000 00697         GOTO    _00132_DS_
0042           00698 _00106_DS_:
               00699 ;       .line   57; ep0.c       switch(SetupBuffer.bRequest)
0042 EE00 F000 00700         LFSR    0x00, (_SetupBuffer + 1)
0046 CFEF F000 00701         MOVFF   INDF0, r0x00
004A 5000      00702         MOVF    r0x00, W
gpasm-0.13.3 beta               ep0.asm     9-15-2006  11:04:57          PAGE 14


LOC  OBJECT CODE     LINE SOURCE TEXT
  VALUE
 
004C E100      00703         BNZ     _00153_DS_
004E EF00 F000 00704         GOTO    _00128_DS_
0052           00705 _00153_DS_:
0052 5000      00706         MOVF    r0x00, W
0054 0A01      00707         XORLW   0x01
0056 E100      00708         BNZ     _00155_DS_
0058 EF00 F000 00709         GOTO    _00128_DS_
005C           00710 _00155_DS_:
005C 5000      00711         MOVF    r0x00, W
005E 0A03      00712         XORLW   0x03
0060 E100      00713         BNZ     _00157_DS_
0062 EF00 F000 00714         GOTO    _00128_DS_
0066           00715 _00157_DS_:
0066 5000      00716         MOVF    r0x00, W
0068 0A05      00717         XORLW   0x05
006A E100      00718         BNZ     _00159_DS_
006C EF00 F000 00719         GOTO    _00117_DS_
0070           00720 _00159_DS_:
0070 5000      00721         MOVF    r0x00, W
0072 0A06      00722         XORLW   0x06
0074 E100      00723         BNZ     _00161_DS_
0076 EF00 F000 00724         GOTO    _00109_DS_
007A           00725 _00161_DS_:
007A 5000      00726         MOVF    r0x00, W
007C 0A08      00727         XORLW   0x08
007E E100      00728         BNZ     _00163_DS_
0080 EF00 F000 00729         GOTO    _00108_DS_
0084           00730 _00163_DS_:
0084 5000      00731         MOVF    r0x00, W
0086 0A09      00732         XORLW   0x09
0088 E100      00733         BNZ     _00165_DS_
008A EF00 F000 00734         GOTO    _00118_DS_
008E           00735 _00165_DS_:
008E 5000      00736         MOVF    r0x00, W
0090 0A0A      00737         XORLW   0x0a
0092 E100      00738         BNZ     _00167_DS_
0094 EF00 F000 00739         GOTO    _00128_DS_
0098           00740 _00167_DS_:
0098 5000      00741         MOVF    r0x00, W
009A 0A0B      00742         XORLW   0x0b
009C E100      00743         BNZ     _00169_DS_
009E EF00 F000 00744         GOTO    _00128_DS_
00A2           00745 _00169_DS_:
00A2 EF00 F000 00746         GOTO    _00127_DS_
00A6           00747 _00108_DS_:
               00748 ;       .line   65; ep0.c       sourceData = &GET_ACTIVE_CONFIGURATION();
00A6 0E00      00749         MOVLW   HIGH(_usb_active_cfg)
00A8 0000      00750         BANKSEL (_sourceData + 1)
00AA 6F00      00751         MOVWF   (_sourceData + 1), B
00AC 0E00      00752         MOVLW   LOW(_usb_active_cfg)
00AE 0000      00753         BANKSEL _sourceData
00B0 6F00      00754         MOVWF   _sourceData, B
00B2 0E80      00755         MOVLW   0x80
00B4 0000      00756         BANKSEL (_sourceData + 2)
gpasm-0.13.3 beta               ep0.asm     9-15-2006  11:04:57          PAGE 15


LOC  OBJECT CODE     LINE SOURCE TEXT
  VALUE
 
00B6 6F00      00757         MOVWF   (_sourceData + 2), B
               00758 ;       .line   66; ep0.c       num_bytes_to_be_send = 1;
00B8 0E01      00759         MOVLW   0x01
00BA 0000      00760         BANKSEL _num_bytes_to_be_send
00BC 6F00      00761         MOVWF   _num_bytes_to_be_send, B
00BE 0000      00762         BANKSEL (_num_bytes_to_be_send + 1)
00C0 6B00      00763         CLRF    (_num_bytes_to_be_send + 1), B
               00764 ;       .line   67; ep0.c       break;
00C2 EF00 F000 00765         GOTO    _00128_DS_
00C6           00766 _00109_DS_:
               00767 ;       .line   70; ep0.c       switch(SetupBuffer.bDescType)
00C6 EE00 F000 00768         LFSR    0x00, (_SetupBuffer + 3)
00CA CFEF F000 00769         MOVFF   INDF0, r0x00
00CE 0E01      00770         MOVLW   0x01
00D0 5C00      00771         SUBWF   r0x00, W
00D2 A0D8      00772         BTFSS   STATUS, 0
00D4 EF00 F000 00773         GOTO    _00113_DS_
00D8 0E04      00774         MOVLW   0x04
00DA 5C00      00775         SUBWF   r0x00, W
00DC B0D8      00776         BTFSC   STATUS, 0
00DE EF00 F000 00777         GOTO    _00113_DS_
00E2 0600      00778         DECF    r0x00, F
00E4 C000 FFE5 00779         MOVFF   r0x07, POSTDEC1
00E8 C000 FFE5 00780         MOVFF   r0x08, POSTDEC1
00EC 6A00      00781         CLRF    r0x08
00EE 3400      00782         RLCF    r0x00, W
00F0 3600      00783         RLCF    r0x08, F
00F2 34E8      00784         RLCF    WREG, W
00F4 3600      00785         RLCF    r0x08, F
00F6 0BFC      00786         ANDLW   0xfc
00F8 6E00      00787         MOVWF   r0x07
00FA 0E00      00788         MOVLW   UPPER(_00172_DS_)
00FC 6EFB      00789         MOVWF   PCLATU
00FE 0E00      00790         MOVLW   HIGH(_00172_DS_)
0100 6EFA      00791         MOVWF   PCLATH
0102 0E00      00792         MOVLW   LOW(_00172_DS_)
0104 2600      00793         ADDWF   r0x07, F
0106 5000      00794         MOVF    r0x08, W
0108 22FA      00795         ADDWFC  PCLATH, F
010A B0D8      00796         BTFSC   STATUS, 0
010C 2AFB      00797         INCF    PCLATU, F
010E 5000      00798         MOVF    r0x07, W
0110 CFE4 F000 00799         MOVFF   PREINC1, r0x08
0114 CFE4 F000 00800         MOVFF   PREINC1, r0x07
0118 6EF9      00801         MOVWF   PCL
011A           00802 _00172_DS_:
011A EF00 F000 00803         GOTO    _00110_DS_
011E EF00 F000 00804         GOTO    _00111_DS_
0122 EF00 F000 00805         GOTO    _00112_DS_
0126           00806 _00110_DS_:
               00807 ;       .line   75; ep0.c       sourceData = (uchar *) device_descriptor;
0126 C000 F000 00808         MOVFF   _device_descriptor, _sourceData
012A C000 F000 00809         MOVFF   (_device_descriptor + 1), (_sourceData + 1)
012E C000 F000 00810         MOVFF   (_device_descriptor + 2), (_sourceData + 2)
gpasm-0.13.3 beta               ep0.asm     9-15-2006  11:04:57          PAGE 16


LOC  OBJECT CODE     LINE SOURCE TEXT
  VALUE
 
               00811 ;       .line   76; ep0.c       num_bytes_to_be_send = device_descriptor->bLength;
0132 C000 F000 00812         MOVFF   _device_descriptor, r0x00
0136 C000 F000 00813         MOVFF   (_device_descriptor + 1), r0x01
013A C000 F000 00814         MOVFF   (_device_descriptor + 2), r0x02
013E C000 FFE9 00815         MOVFF   r0x00, FSR0L
0142 C000 FFF3 00816         MOVFF   r0x01, PRODL
0146 5000      00817         MOVF    r0x02, W
0148 EC00 F000 00818         CALL    __gptrget1
014C 6E00      00819         MOVWF   r0x00
014E C000 F000 00820         MOVFF   r0x00, _num_bytes_to_be_send
0152 0000      00821         BANKSEL (_num_bytes_to_be_send + 1)
0154 6B00      00822         CLRF    (_num_bytes_to_be_send + 1), B
               00823 ;       .line   77; ep0.c       break;
0156 EF00 F000 00824         GOTO    _00128_DS_
015A           00825 _00111_DS_:
               00826 ;       .line   80; ep0.c       sourceData = configuration_descriptor[SetupBuffer.bDescIndex];
015A EE00 F000 00827         LFSR    0x00, (_SetupBuffer + 2)
015E CFEF F000 00828         MOVFF   INDF0, r0x00
               00829 ; ;multiply lit val:0x03 by variable r0x00 and store in r0x00
               00830 ; ;Unrolled 8 X 8 multiplication
               00831 ; ;FIXME: the function does not support result==WREG
0162 5000      00832         MOVF    r0x00, W
0164 0D03      00833         MULLW   0x03
0166 CFF3 F000 00834         MOVFF   PRODL, r0x00
016A CFF4 F000 00835         MOVFF   PRODH, r0x01
016E 0000      00836         BANKSEL _configuration_descriptor
0170 5100      00837         MOVF    _configuration_descriptor, W, B
0172 2600      00838         ADDWF   r0x00, F
0174 0000      00839         BANKSEL (_configuration_descriptor + 1)
0176 5100      00840         MOVF    (_configuration_descriptor + 1), W, B
0178 2200      00841         ADDWFC  r0x01, F
017A 0000      00842         BANKSEL (_configuration_descriptor + 2)
017C 5100      00843         MOVF    (_configuration_descriptor + 2), W, B
017E 6A00      00844         CLRF    r0x02
0180 2200      00845         ADDWFC  r0x02, F
0182 C000 FFE9 00846         MOVFF   r0x00, FSR0L
0186 C000 FFF3 00847         MOVFF   r0x01, PRODL
018A 5000      00848         MOVF    r0x02, W
018C EC00 F000 00849         CALL    __gptrget3
0190 0000      00850         BANKSEL _sourceData
0192 6F00      00851         MOVWF   _sourceData, B
0194 CFF3 F000 00852         MOVFF   PRODL, (_sourceData + 1)
0198 CFF4 F000 00853         MOVFF   PRODH, (_sourceData + 2)
               00854 ;       .line   81; ep0.c       num_bytes_to_be_send = ((USB_Configuration_Descriptor*)sourceData)->wTotalLength;
019C C000 F000 00855         MOVFF   _sourceData, r0x00
01A0 C000 F000 00856         MOVFF   (_sourceData + 1), r0x01
01A4 C000 F000 00857         MOVFF   (_sourceData + 2), r0x02
01A8 0E02      00858         MOVLW   0x02
01AA 2600      00859         ADDWF   r0x00, F
01AC 0E00      00860         MOVLW   0x00
01AE 2200      00861         ADDWFC  r0x01, F
01B0 0E00      00862         MOVLW   0x00
01B2 2200      00863         ADDWFC  r0x02, F
01B4 C000 FFE9 00864         MOVFF   r0x00, FSR0L
gpasm-0.13.3 beta               ep0.asm     9-15-2006  11:04:57          PAGE 17


LOC  OBJECT CODE     LINE SOURCE TEXT
  VALUE
 
01B8 C000 FFF3 00865         MOVFF   r0x01, PRODL
01BC 5000      00866         MOVF    r0x02, W
01BE EC00 F000 00867         CALL    __gptrget2
01C2 0000      00868         BANKSEL _num_bytes_to_be_send
01C4 6F00      00869         MOVWF   _num_bytes_to_be_send, B
01C6 CFF3 F000 00870         MOVFF   PRODL, (_num_bytes_to_be_send + 1)
               00871 ;       .line   82; ep0.c       break;
01CA EF00 F000 00872         GOTO    _00128_DS_
01CE           00873 _00112_DS_:
               00874 ;       .line   85; ep0.c       sourceData = string_descriptor[SetupBuffer.bDescIndex];
01CE EE00 F000 00875         LFSR    0x00, (_SetupBuffer + 2)
01D2 CFEF F000 00876         MOVFF   INDF0, r0x00
               00877 ; ;multiply lit val:0x03 by variable r0x00 and store in r0x00
               00878 ; ;Unrolled 8 X 8 multiplication
               00879 ; ;FIXME: the function does not support result==WREG
01D6 5000      00880         MOVF    r0x00, W
01D8 0D03      00881         MULLW   0x03
01DA CFF3 F000 00882         MOVFF   PRODL, r0x00
01DE CFF4 F000 00883         MOVFF   PRODH, r0x01
01E2 0000      00884         BANKSEL _string_descriptor
01E4 5100      00885         MOVF    _string_descriptor, W, B
01E6 2600      00886         ADDWF   r0x00, F
01E8 0000      00887         BANKSEL (_string_descriptor + 1)
01EA 5100      00888         MOVF    (_string_descriptor + 1), W, B
01EC 2200      00889         ADDWFC  r0x01, F
01EE 0000      00890         BANKSEL (_string_descriptor + 2)
01F0 5100      00891         MOVF    (_string_descriptor + 2), W, B
01F2 6A00      00892         CLRF    r0x02
01F4 2200      00893         ADDWFC  r0x02, F
01F6 C000 FFE9 00894         MOVFF   r0x00, FSR0L
01FA C000 FFF3 00895         MOVFF   r0x01, PRODL
01FE 5000      00896         MOVF    r0x02, W
0200 EC00 F000 00897         CALL    __gptrget3
0204 0000      00898         BANKSEL _sourceData
0206 6F00      00899         MOVWF   _sourceData, B
0208 CFF3 F000 00900         MOVFF   PRODL, (_sourceData + 1)
020C CFF4 F000 00901         MOVFF   PRODH, (_sourceData + 2)
               00902 ;       .line   86; ep0.c       num_bytes_to_be_send = sourceData[0];
0210 C000 F000 00903         MOVFF   _sourceData, r0x00
0214 C000 F000 00904         MOVFF   (_sourceData + 1), r0x01
0218 C000 F000 00905         MOVFF   (_sourceData + 2), r0x02
021C C000 FFE9 00906         MOVFF   r0x00, FSR0L
0220 C000 FFF3 00907         MOVFF   r0x01, PRODL
0224 5000      00908         MOVF    r0x02, W
0226 EC00 F000 00909         CALL    __gptrget1
022A 6E00      00910         MOVWF   r0x00
022C C000 F000 00911         MOVFF   r0x00, _num_bytes_to_be_send
0230 0000      00912         BANKSEL (_num_bytes_to_be_send + 1)
0232 6B00      00913         CLRF    (_num_bytes_to_be_send + 1), B
               00914 ;       .line   87; ep0.c       break;
0234 EF00 F000 00915         GOTO    _00128_DS_
0238           00916 _00113_DS_:
               00917 ;       .line   91; ep0.c       unknown_request = TRUE;
0238 0E01      00918         MOVLW   0x01
gpasm-0.13.3 beta               ep0.asm     9-15-2006  11:04:57          PAGE 18


LOC  OBJECT CODE     LINE SOURCE TEXT
  VALUE
 
023A 0000      00919         BANKSEL _ep0_usb_std_request_unknown_request_1_1
023C 6F00      00920         MOVWF   _ep0_usb_std_request_unknown_request_1_1, B
               00921 ;       .line   94; ep0.c       break;
023E EF00 F000 00922         GOTO    _00128_DS_
0242           00923 _00117_DS_:
               00924 ;       .line   105; ep0.c      SET_DEVICE_STATE(ADDRESS_PENDING_STATE);
0242 0E04      00925         MOVLW   0x04
0244 0000      00926         BANKSEL _usb_device_state
0246 6F00      00927         MOVWF   _usb_device_state, B
               00928 ;       .line   106; ep0.c      break;
0248 EF00 F000 00929         GOTO    _00128_DS_
024C           00930 _00118_DS_:
               00931 ;       .line   110; ep0.c      if(device_descriptor->bNumConfigurations >= SetupBuffer.bConfigurationValue)
024C C000 F000 00932         MOVFF   _device_descriptor, r0x00
0250 C000 F000 00933         MOVFF   (_device_descriptor + 1), r0x01
0254 C000 F000 00934         MOVFF   (_device_descriptor + 2), r0x02
0258 0E11      00935         MOVLW   0x11
025A 2600      00936         ADDWF   r0x00, F
025C 0E00      00937         MOVLW   0x00
025E 2200      00938         ADDWFC  r0x01, F
0260 0E00      00939         MOVLW   0x00
0262 2200      00940         ADDWFC  r0x02, F
0264 C000 FFE9 00941         MOVFF   r0x00, FSR0L
0268 C000 FFF3 00942         MOVFF   r0x01, PRODL
026C 5000      00943         MOVF    r0x02, W
026E EC00 F000 00944         CALL    __gptrget1
0272 6E00      00945         MOVWF   r0x00
0274 EE00 F000 00946         LFSR    0x00, (_SetupBuffer + 2)
0278 CFEF F000 00947         MOVFF   INDF0, r0x01
027C 5000      00948         MOVF    r0x01, W
027E 5C00      00949         SUBWF   r0x00, W
0280 A0D8      00950         BTFSS   STATUS, 0
0282 EF00 F000 00951         GOTO    _00123_DS_
               00952 ;       .line   112; ep0.c      SET_ACTIVE_CONFIGURATION(SetupBuffer.bConfigurationValue);
0286 EE00 F000 00953         LFSR    0x00, (_SetupBuffer + 2)
028A CFEF F000 00954         MOVFF   INDF0, _usb_active_cfg
               00955 ;       .line   116; ep0.c      UEP1  = 0; UEP2  = 0; UEP3  = 0; UEP4  = 0;
028E 6A00      00956         CLRF    _UEP1
0290 6A00      00957         CLRF    _UEP2
0292 6A00      00958         CLRF    _UEP3
0294 6A00      00959         CLRF    _UEP4
               00960 ;       .line   117; ep0.c      UEP5  = 0; UEP6  = 0; UEP7  = 0; UEP8  = 0;
0296 6A00      00961         CLRF    _UEP5
0298 6A00      00962         CLRF    _UEP6
029A 6A00      00963         CLRF    _UEP7
029C 6A00      00964         CLRF    _UEP8
               00965 ;       .line   118; ep0.c      UEP9  = 0; UEP10 = 0; UEP11 = 0; UEP12 = 0;
029E 6A00      00966         CLRF    _UEP9
02A0 6A00      00967         CLRF    _UEP10
02A2 6A00      00968         CLRF    _UEP11
02A4 6A00      00969         CLRF    _UEP12
               00970 ;       .line   119; ep0.c      UEP13 = 0; UEP14 = 0; UEP15 = 0;
02A6 6A00      00971         CLRF    _UEP13
02A8 6A00      00972         CLRF    _UEP14
gpasm-0.13.3 beta               ep0.asm     9-15-2006  11:04:57          PAGE 19


LOC  OBJECT CODE     LINE SOURCE TEXT
  VALUE
 
02AA 6A00      00973         CLRF    _UEP15
02AC 0000      00974         BANKSEL _usb_active_cfg
               00975 ;       .line   122; ep0.c      if(GET_ACTIVE_CONFIGURATION() == 0)
02AE 5100      00976         MOVF    _usb_active_cfg, W, B
02B0 A4D8      00977         BTFSS   STATUS, 2
02B2 EF00 F000 00978         GOTO    _00120_DS_
               00979 ;       .line   124; ep0.c      SET_DEVICE_STATE(ADDRESS_STATE);
02B6 0E05      00980         MOVLW   0x05
02B8 0000      00981         BANKSEL _usb_device_state
02BA 6F00      00982         MOVWF   _usb_device_state, B
02BC EF00 F000 00983         GOTO    _00128_DS_
02C0           00984 _00120_DS_:
               00985 ;       .line   130; ep0.c      SET_DEVICE_STATE(CONFIGURED_STATE);
02C0 0E06      00986         MOVLW   0x06
02C2 0000      00987         BANKSEL _usb_device_state
02C4 6F00      00988         MOVWF   _usb_device_state, B
               00989 ;       .line   133; ep0.c      for(i = 1; i < 16; i++)
02C6 0E0F      00990         MOVLW   0x0f
02C8 6E00      00991         MOVWF   r0x00
               00992 ; ;multiply lit val:0x03 by variable _usb_active_cfg and store in r0x01
               00993 ; ;Unrolled 8 X 8 multiplication
               00994 ; ;FIXME: the function does not support result==WREG
02CA           00995 _00131_DS_:
02CA 0000      00996         BANKSEL _usb_active_cfg
               00997 ;       .line   135; ep0.c      ep_init[GET_ACTIVE_CONFIGURATION()][i]();
02CC 5100      00998         MOVF    _usb_active_cfg, W, B
02CE 0D03      00999         MULLW   0x03
02D0 CFF3 F000 01000         MOVFF   PRODL, r0x01
02D4 CFF4 F000 01001         MOVFF   PRODH, r0x02
02D8 0000      01002         BANKSEL _ep_init
02DA 5100      01003         MOVF    _ep_init, W, B
02DC 2600      01004         ADDWF   r0x01, F
02DE 0000      01005         BANKSEL (_ep_init + 1)
02E0 5100      01006         MOVF    (_ep_init + 1), W, B
02E2 2200      01007         ADDWFC  r0x02, F
02E4 0000      01008         BANKSEL (_ep_init + 2)
02E6 5100      01009         MOVF    (_ep_init + 2), W, B
02E8 6A00      01010         CLRF    r0x03
02EA 2200      01011         ADDWFC  r0x03, F
02EC C000 FFE9 01012         MOVFF   r0x01, FSR0L
02F0 C000 FFF3 01013         MOVFF   r0x02, PRODL
02F4 5000      01014         MOVF    r0x03, W
02F6 EC00 F000 01015         CALL    __gptrget3
02FA 6E00      01016         MOVWF   r0x01
02FC CFF3 F000 01017         MOVFF   PRODL, r0x02
0300 CFF4 F000 01018         MOVFF   PRODH, r0x03
0304 0400      01019         DECF    r0x00, W
0306 6E00      01020         MOVWF   r0x04
               01021 ; ;multiply lit val:0x03 by variable r0x04 and store in r0x05
               01022 ; ;Unrolled 8 X 8 multiplication
               01023 ; ;FIXME: the function does not support result==WREG
0308 5000      01024         MOVF    r0x04, W
030A 0D03      01025         MULLW   0x03
030C CFF3 F000 01026         MOVFF   PRODL, r0x05
gpasm-0.13.3 beta               ep0.asm     9-15-2006  11:04:57          PAGE 20


LOC  OBJECT CODE     LINE SOURCE TEXT
  VALUE
 
0310 CFF4 F000 01027         MOVFF   PRODH, r0x06
0314 5000      01028         MOVF    r0x05, W
0316 2600      01029         ADDWF   r0x01, F
0318 5000      01030         MOVF    r0x06, W
031A 2200      01031         ADDWFC  r0x02, F
031C 6AE8      01032         CLRF    WREG
031E 2200      01033         ADDWFC  r0x03, F
0320 C000 FFE9 01034         MOVFF   r0x01, FSR0L
0324 C000 FFF3 01035         MOVFF   r0x02, PRODL
0328 5000      01036         MOVF    r0x03, W
032A EC00 F000 01037         CALL    __gptrget3
032E 6E00      01038         MOVWF   r0x01
0330 CFF3 F000 01039         MOVFF   PRODL, r0x02
0334 CFF4 F000 01040         MOVFF   PRODH, r0x03
0338 CFF2 FFE5 01041         MOVFF   INTCON, POSTDEC1
033C 9EF2      01042         BCF     INTCON, 7
033E 0005      01043         PUSH    
0340 0E00      01044         MOVLW   LOW(_00174_DS_)
0342 6EFD      01045         MOVWF   TOSL
0344 0E00      01046         MOVLW   HIGH(_00174_DS_)
0346 6EFE      01047         MOVWF   TOSH
0348 0E00      01048         MOVLW   UPPER(_00174_DS_)
034A 6EFF      01049         MOVWF   TOSU
034C 50E4      01050         MOVF    PREINC1, W
034E 6EF2      01051         MOVWF   INTCON
0350 C000 FFFB 01052         MOVFF   r0x03, PCLATU
0354 C000 FFFA 01053         MOVFF   r0x02, PCLATH
0358 5000      01054         MOVF    r0x01, W
035A 6EF9      01055         MOVWF   PCL
035C           01056 _00174_DS_:
035C C000 F000 01057         MOVFF   r0x04, r0x00
               01058 ;       .line   133; ep0.c      for(i = 1; i < 16; i++)
0360 5000      01059         MOVF    r0x00, W
0362 A4D8      01060         BTFSS   STATUS, 2
0364 EF00 F000 01061         GOTO    _00131_DS_
0368 EF00 F000 01062         GOTO    _00128_DS_
036C           01063 _00123_DS_:
               01064 ;       .line   143; ep0.c      unknown_request = TRUE;
036C 0E01      01065         MOVLW   0x01
036E 0000      01066         BANKSEL _ep0_usb_std_request_unknown_request_1_1
0370 6F00      01067         MOVWF   _ep0_usb_std_request_unknown_request_1_1, B
               01068 ;       .line   146; ep0.c      break;
0372 EF00 F000 01069         GOTO    _00128_DS_
0376           01070 _00127_DS_:
               01071 ;       .line   159; ep0.c      unknown_request = TRUE;
0376 0E01      01072         MOVLW   0x01
0378 0000      01073         BANKSEL _ep0_usb_std_request_unknown_request_1_1
037A 6F00      01074         MOVWF   _ep0_usb_std_request_unknown_request_1_1, B
037C           01075 _00128_DS_:
037C 0000      01076         BANKSEL _ep0_usb_std_request_unknown_request_1_1
               01077 ;       .line   162; ep0.c      return !unknown_request;
037E 5100      01078         MOVF    _ep0_usb_std_request_unknown_request_1_1, W, B
0380 80D8      01079         BSF     STATUS, 0
0382 66E8      01080         TSTFSZ  WREG
gpasm-0.13.3 beta               ep0.asm     9-15-2006  11:04:57          PAGE 21


LOC  OBJECT CODE     LINE SOURCE TEXT
  VALUE
 
0384 90D8      01081         BCF     STATUS, 0
0386 6A00      01082         CLRF    r0x00
0388 3600      01083         RLCF    r0x00, F
038A 5000      01084         MOVF    r0x00, W
038C           01085 _00132_DS_:
038C CFE4 F000 01086         MOVFF   PREINC1, r0x06
0390 CFE4 F000 01087         MOVFF   PREINC1, r0x05
0394 CFE4 F000 01088         MOVFF   PREINC1, r0x04
0398 CFE4 F000 01089         MOVFF   PREINC1, r0x03
039C CFE4 F000 01090         MOVFF   PREINC1, r0x02
03A0 CFE4 F000 01091         MOVFF   PREINC1, r0x01
03A4 CFE4 F000 01092         MOVFF   PREINC1, r0x00
03A8 CFE4 FFD9 01093         MOVFF   PREINC1, FSR2L
03AC 0012      01094         RETURN  
               01095 
               01096 
               01097 
               01098 ; Statistics:
               01099 ; code size:     1580 (0x062c) bytes ( 1.21%)
               01100 ;                 790 (0x0316) words
               01101 ; udata size:      23 (0x0017) bytes ( 1.28%)
               01102 ; access size:      9 (0x0009) bytes
               01103 
               01104 
gpasm-0.13.3 beta               ep0.asm     9-15-2006  11:04:57          PAGE 22


SYMBOL TABLE
  LABEL                             VALUE 

FSR0L                             00000FE9
FSR1L                             00000FE1
FSR2L                             00000FD9
INDF0                             00000FEF
INTCON                            00000FF2
PCL                               00000FF9
PCLATH                            00000FFA
PCLATU                            00000FFB
POSTDEC1                          00000FE5
POSTINC0                          00000FEE
PREINC1                           00000FE4
PRODH                             00000FF4
PRODL                             00000FF3
STATUS                            00000FD8
TOSH                              00000FFE
TOSL                              00000FFD
TOSU                              00000FFF
WREG                              00000FE8
_00106_DS_                        00000042
_00108_DS_                        000000A6
_00109_DS_                        000000C6
_00110_DS_                        00000126
_00111_DS_                        0000015A
_00112_DS_                        000001CE
_00113_DS_                        00000238
_00117_DS_                        00000242
_00118_DS_                        0000024C
_00120_DS_                        000002C0
_00123_DS_                        0000036C
_00127_DS_                        00000376
_00128_DS_                        0000037C
_00131_DS_                        000002CA
_00132_DS_                        0000038C
_00151_DS_                        0000003C
_00153_DS_                        00000052
_00155_DS_                        0000005C
_00157_DS_                        00000066
_00159_DS_                        00000070
_00161_DS_                        0000007A
_00163_DS_                        00000084
_00165_DS_                        0000008E
_00167_DS_                        00000098
_00169_DS_                        000000A2
_00172_DS_                        0000011A
_00174_DS_                        0000035C
_00184_DS_                        0000004A
_00187_DS_                        00000050
_00189_DS_                        000000B6
_00192_DS_                        000000C0
_00194_DS_                        000000C4
_00200_DS_                        0000002C
_00201_DS_                        00000030
_00203_DS_                        00000040
gpasm-0.13.3 beta               ep0.asm     9-15-2006  11:04:57          PAGE 23


LOC  OBJECT CODE     LINE SOURCE TEXT
  VALUE
 
_00204_DS_                        0000005C
_00205_DS_                        00000060
_00211_DS_                        000000AE
_00213_DS_                        000000FC
_00216_DS_                        00000130
_00218_DS_                        0000014E
_00223_DS_                        0000004E
_00224_DS_                        00000052
_00225_DS_                        0000009C
_ADCON0                           00000000
_ADCON0bits                       00000000
_ADCON1                           00000000
_ADCON1bits                       00000000
_ADCON2                           00000000
_ADCON2bits                       00000000
_ADRESH                           00000000
_ADRESL                           00000000
_BAUDCON                          00000000
_BAUDCONbits                      00000000
_BSR                              00000000
_BSRbits                          00000000
_CCP2CON                          00000000
_CCP2CONbits                      00000000
_CCPR1H                           00000000
_CCPR1L                           00000000
_CCPR2H                           00000000
_CCPR2L                           00000000
_CMCON                            00000000
_CMCONbits                        00000000
_CVRCON                           00000000
_CVRCONbits                       00000000
_ECCP1AS                          00000000
_ECCP1ASbits                      00000000
_ECCP1CON                         00000000
_ECCP1CONbits                     00000000
_ECCP1DEL                         00000000
_ECCP1DELbits                     00000000
_EEADR                            00000000
_EECON1                           00000000
_EECON1bits                       00000000
_EECON2                           00000000
_EEDATA                           00000000
_FSR0H                            00000000
_FSR0Hbits                        00000000
_FSR0L                            00000000
_FSR1H                            00000000
_FSR1Hbits                        00000000
_FSR1L                            00000000
_FSR2H                            00000000
_FSR2Hbits                        00000000
_FSR2L                            00000000
_HLVDCON                          00000000
_HLVDCONbits                      00000000
_INDF0                            00000000
gpasm-0.13.3 beta               ep0.asm     9-15-2006  11:04:57          PAGE 24


LOC  OBJECT CODE     LINE SOURCE TEXT
  VALUE
 
_INDF1                            00000000
_INDF2                            00000000
_INTCON                           00000000
_INTCON2                          00000000
_INTCON2bits                      00000000
_INTCON3                          00000000
_INTCON3bits                      00000000
_INTCONbits                       00000000
_IPR1                             00000000
_IPR1bits                         00000000
_IPR2                             00000000
_IPR2bits                         00000000
_InBuffer                         00000508
_LATA                             00000000
_LATAbits                         00000000
_LATB                             00000000
_LATBbits                         00000000
_LATC                             00000000
_LATCbits                         00000000
_LATD                             00000000
_LATDbits                         00000000
_LATE                             00000000
_LATEbits                         00000000
_OSCCON                           00000000
_OSCCONbits                       00000000
_OSCTUNE                          00000000
_OSCTUNEbits                      00000000
_PCL                              00000000
_PCLATH                           00000000
_PCLATHbits                       00000000
_PCLATU                           00000000
_PCLATUbits                       00000000
_PIE1                             00000000
_PIE1bits                         00000000
_PIE2                             00000000
_PIE2bits                         00000000
_PIR1                             00000000
_PIR1bits                         00000000
_PIR2                             00000000
_PIR2bits                         00000000
_PLUSW0                           00000000
_PLUSW1                           00000000
_PLUSW2                           00000000
_PORTA                            00000000
_PORTAbits                        00000000
_PORTB                            00000000
_PORTBbits                        00000000
_PORTC                            00000000
_PORTCbits                        00000000
_PORTD                            00000000
_PORTDbits                        00000000
_PORTE                            00000000
_PORTEbits                        00000000
_POSTDEC0                         00000000
gpasm-0.13.3 beta               ep0.asm     9-15-2006  11:04:57          PAGE 25


LOC  OBJECT CODE     LINE SOURCE TEXT
  VALUE
 
_POSTDEC1                         00000000
_POSTDEC2                         00000000
_POSTINC0                         00000000
_POSTINC1                         00000000
_POSTINC2                         00000000
_PR2                              00000000
_PREINC0                          00000000
_PREINC1                          00000000
_PREINC2                          00000000
_PRODH                            00000000
_PRODL                            00000000
_RCON                             00000000
_RCONbits                         00000000
_RCREG                            00000000
_RCSTA                            00000000
_RCSTAbits                        00000000
_SPBRG                            00000000
_SPBRGH                           00000000
_SPPCFG                           00000000
_SPPCFGbits                       00000000
_SPPCON                           00000000
_SPPCONbits                       00000000
_SPPDATA                          00000000
_SPPDATAbits                      00000000
_SPPEPS                           00000000
_SPPEPSbits                       00000000
_SSPADD                           00000000
_SSPBUF                           00000000
_SSPCON1                          00000000
_SSPCON1bits                      00000000
_SSPCON2                          00000000
_SSPCON2bits                      00000000
_SSPSTAT                          00000000
_SSPSTATbits                      00000000
_STATUS                           00000000
_STATUSbits                       00000000
_STKPTR                           00000000
_STKPTRbits                       00000000
_SetupBuffer                      00000500
_T0CON                            00000000
_T0CONbits                        00000000
_T1CON                            00000000
_T1CONbits                        00000000
_T2CON                            00000000
_T2CONbits                        00000000
_T3CON                            00000000
_T3CONbits                        00000000
_TABLAT                           00000000
_TBLPTRH                          00000000
_TBLPTRL                          00000000
_TBLPTRU                          00000000
_TBLPTRUbits                      00000000
_TMR0H                            00000000
_TMR0L                            00000000
gpasm-0.13.3 beta               ep0.asm     9-15-2006  11:04:57          PAGE 26


LOC  OBJECT CODE     LINE SOURCE TEXT
  VALUE
 
_TMR1H                            00000000
_TMR1L                            00000000
_TMR2                             00000000
_TMR3H                            00000000
_TMR3L                            00000000
_TOSH                             00000000
_TOSL                             00000000
_TOSU                             00000000
_TOSUbits                         00000000
_TRISA                            00000000
_TRISAbits                        00000000
_TRISB                            00000000
_TRISBbits                        00000000
_TRISC                            00000000
_TRISCbits                        00000000
_TRISD                            00000000
_TRISDbits                        00000000
_TRISE                            00000000
_TRISEbits                        00000000
_TXREG                            00000000
_TXSTA                            00000000
_TXSTAbits                        00000000
_UADDR                            00000000
_UADDRbits                        00000000
_UCFG                             00000000
_UCFGbits                         00000000
_UCON                             00000000
_UCONbits                         00000000
_UEIE                             00000000
_UEIEbits                         00000000
_UEIR                             00000000
_UEIRbits                         00000000
_UEP0                             00000000
_UEP0bits                         00000000
_UEP1                             00000000
_UEP10                            00000000
_UEP10bits                        00000000
_UEP11                            00000000
_UEP11bits                        00000000
_UEP12                            00000000
_UEP12bits                        00000000
_UEP13                            00000000
_UEP13bits                        00000000
_UEP14                            00000000
_UEP14bits                        00000000
_UEP15                            00000000
_UEP15bits                        00000000
_UEP1bits                         00000000
_UEP2                             00000000
_UEP2bits                         00000000
_UEP3                             00000000
_UEP3bits                         00000000
_UEP4                             00000000
_UEP4bits                         00000000
gpasm-0.13.3 beta               ep0.asm     9-15-2006  11:04:57          PAGE 27


LOC  OBJECT CODE     LINE SOURCE TEXT
  VALUE
 
_UEP5                             00000000
_UEP5bits                         00000000
_UEP6                             00000000
_UEP6bits                         00000000
_UEP7                             00000000
_UEP7bits                         00000000
_UEP8                             00000000
_UEP8bits                         00000000
_UEP9                             00000000
_UEP9bits                         00000000
_UFRMH                            00000000
_UFRMHbits                        00000000
_UFRML                            00000000
_UFRMLbits                        00000000
_UIE                              00000000
_UIEbits                          00000000
_UIR                              00000000
_UIRbits                          00000000
_USTAT                            00000000
_USTATbits                        00000000
_WDTCON                           00000000
_WDTCONbits                       00000000
_WREG                             00000000
__18F4455                         00000001
__gptrget1                        00000000
__gptrget2                        00000000
__gptrget3                        00000000
_boot_configuration_descriptor    00000000
_boot_device_descriptor           00000000
_boot_ep_in                       00000000
_boot_ep_init                     00000000
_boot_ep_out                      00000000
_boot_ep_setup                    00000000
_boot_string_descriptor           00000000
_configuration_descriptor         00000000
_device_descriptor                00000000
_ep0_in                           00000000
_ep0_init                         00000000
_ep0_setup                        00000000
_ep0_state                        00000000
_ep0_usb_std_request              00000000
_ep0_usb_std_request_unknown_request_1_1  00000000
_ep_bdt                           00000000
_ep_in                            00000000
_ep_init                          00000000
_ep_out                           00000000
_ep_setup                         00000000
_fill_in_buffer                   00000000
_num_bytes_to_be_send             00000000
_sourceData                       00000000
_str0                             00000000
_str1                             00000000
_str2                             00000000
_str3                             00000000
gpasm-0.13.3 beta               ep0.asm     9-15-2006  11:04:57          PAGE 28


LOC  OBJECT CODE     LINE SOURCE TEXT
  VALUE
 
_string_descriptor                00000000
_usb_active_alt_setting           00000000
_usb_active_cfg                   00000000
_usb_device_state                 00000000
r0x00                             00000000
r0x01                             00000001
r0x02                             00000002
r0x03                             00000003
r0x04                             00000004
r0x05                             00000005
r0x06                             00000006
r0x07                             00000007
r0x08                             00000008


Errors   :       0
Warnings :       0 reported,       0 suppressed
Messages :       0 reported,       0 suppressed

